<?xml version="1.0" encoding="UTF-8"?>
<!-- Generated by org.testng.reporters.JUnitXMLReporter -->
<testsuite hostname="NTINLTP2001474" ignored="1" name="Test" tests="1" failures="1" timestamp="2022-07-03T11:52:49 CAT" time="21.188" errors="0">
  <testcase name="ContactUsPage" time="5.122" classname="MainTest.Main">
    <failure type="org.openqa.selenium.WebDriverException" message="unknown error: cannot determine loading status
from unknown error: unexpected command response
  (Session info: chrome=103.0.5060.66)
Build info: version: &amp;apos;4.2.2&amp;apos;, revision: &amp;apos;683ccb65d6&amp;apos;
System info: host: &amp;apos;NTINLTP2001474&amp;apos;, ip: &amp;apos;192.168.1.5&amp;apos;, os.name: &amp;apos;Windows 10&amp;apos;, os.arch: &amp;apos;amd64&amp;apos;, os.version: &amp;apos;10.0&amp;apos;, java.version: &amp;apos;1.8.0_333&amp;apos;
Driver info: org.openqa.selenium.chrome.ChromeDriver
Command: [d38feca85733801d1a584ca69aac4205, get {url=https://www.sovtech.co.za/contact-us/}]
Capabilities {acceptInsecureCerts: false, browserName: chrome, browserVersion: 103.0.5060.66, chrome: {chromedriverVersion: 103.0.5060.53 (a1711811edd7..., userDataDir: C:\Users\Bessie\AppData\Loc...}, goog:chromeOptions: {debuggerAddress: localhost:59936}, networkConnectionEnabled: false, pageLoadStrategy: normal, platformName: WINDOWS, proxy: Proxy(), se:cdp: ws://localhost:59936/devtoo..., se:cdpVersion: 103.0.5060.66, setWindowRect: true, strictFileInteractability: false, timeouts: {implicit: 0, pageLoad: 300000, script: 30000}, unhandledPromptBehavior: dismiss and notify, webauthn:extension:credBlob: true, webauthn:extension:largeBlob: true, webauthn:virtualAuthenticators: true}
Session ID: d38feca85733801d1a584ca69aac4205">
      <![CDATA[org.openqa.selenium.WebDriverException: unknown error: cannot determine loading status
from unknown error: unexpected command response
  (Session info: chrome=103.0.5060.66)
Build info: version: '4.2.2', revision: '683ccb65d6'
System info: host: 'NTINLTP2001474', ip: '192.168.1.5', os.name: 'Windows 10', os.arch: 'amd64', os.version: '10.0', java.version: '1.8.0_333'
Driver info: org.openqa.selenium.chrome.ChromeDriver
Command: [d38feca85733801d1a584ca69aac4205, get {url=https://www.sovtech.co.za/contact-us/}]
Capabilities {acceptInsecureCerts: false, browserName: chrome, browserVersion: 103.0.5060.66, chrome: {chromedriverVersion: 103.0.5060.53 (a1711811edd7..., userDataDir: C:\Users\Bessie\AppData\Loc...}, goog:chromeOptions: {debuggerAddress: localhost:59936}, networkConnectionEnabled: false, pageLoadStrategy: normal, platformName: WINDOWS, proxy: Proxy(), se:cdp: ws://localhost:59936/devtoo..., se:cdpVersion: 103.0.5060.66, setWindowRect: true, strictFileInteractability: false, timeouts: {implicit: 0, pageLoad: 300000, script: 30000}, unhandledPromptBehavior: dismiss and notify, webauthn:extension:credBlob: true, webauthn:extension:largeBlob: true, webauthn:virtualAuthenticators: true}
Session ID: d38feca85733801d1a584ca69aac4205
at org.openqa.selenium.remote.codec.w3c.W3CHttpResponseCodec.createException(W3CHttpResponseCodec.java:200)
at org.openqa.selenium.remote.codec.w3c.W3CHttpResponseCodec.decode(W3CHttpResponseCodec.java:133)
at org.openqa.selenium.remote.codec.w3c.W3CHttpResponseCodec.decode(W3CHttpResponseCodec.java:53)
at org.openqa.selenium.remote.HttpCommandExecutor.execute(HttpCommandExecutor.java:184)
at org.openqa.selenium.remote.service.DriverCommandExecutor.invokeExecute(DriverCommandExecutor.java:167)
at org.openqa.selenium.remote.service.DriverCommandExecutor.execute(DriverCommandExecutor.java:142)
at org.openqa.selenium.remote.RemoteWebDriver.execute(RemoteWebDriver.java:588)
at org.openqa.selenium.remote.RemoteWebDriver.get(RemoteWebDriver.java:351)
at MainTest.Main.ContactUsPage(Main.java:80)
at java.util.ArrayList.forEach(Unknown Source)
... Removed 31 stack frames]]>
    </failure>
  </testcase> <!-- ContactUsPage -->
  <testcase name="NegativeScenario" time="0.0" classname="MainTest.Main">
    <ignored/>
  </testcase> <!-- NegativeScenario -->
</testsuite> <!-- Test -->
